<?xml version="1.0" encoding="UTF-8"?>
<testng-results skipped="0" failed="14" total="133" passed="119">
  <reporter-output>
  </reporter-output>
  <suite name="Suite" duration-ms="6201420" started-at="2020-07-08T06:39:52Z" finished-at="2020-07-08T08:23:13Z">
    <groups>
    </groups>
    <test name="Test" duration-ms="6201420" started-at="2020-07-08T06:39:52Z" finished-at="2020-07-08T08:23:13Z">
      <class name="testcases.Test_Exclusive">
        <test-method status="PASS" signature="set()[pri:0, instance:testcases.Test_Exclusive@2611b9a3]" name="set" is-config="true" duration-ms="1223" started-at="2020-07-08T14:47:32Z" finished-at="2020-07-08T14:47:33Z">
          <reporter-output>
          </reporter-output>
        </test-method> <!-- set -->
        <test-method status="PASS" signature="exclusive_validate_thumbnail()[pri:0, instance:testcases.Test_Exclusive@2611b9a3]" name="exclusive_validate_thumbnail" duration-ms="16947" started-at="2020-07-08T14:47:33Z" finished-at="2020-07-08T14:47:50Z">
          <reporter-output>
          </reporter-output>
        </test-method> <!-- exclusive_validate_thumbnail -->
        <test-method status="PASS" signature="done(org.testng.ITestResult)[pri:0, instance:testcases.Test_Exclusive@2611b9a3]" name="done" is-config="true" duration-ms="6091" started-at="2020-07-08T14:47:50Z" finished-at="2020-07-08T14:47:56Z">
          <params>
            <param index="0">
              <value>
                <![CDATA[[TestResult name=exclusive_validate_thumbnail status=SUCCESS method=Test_Exclusive.exclusive_validate_thumbnail()[pri:0, instance:testcases.Test_Exclusive@2611b9a3] output={null}]]]>
              </value>
            </param>
          </params>
          <reporter-output>
          </reporter-output>
        </test-method> <!-- done -->
        <test-method status="PASS" signature="set()[pri:0, instance:testcases.Test_Exclusive@2611b9a3]" name="set" is-config="true" duration-ms="1281" started-at="2020-07-08T14:47:56Z" finished-at="2020-07-08T14:47:58Z">
          <reporter-output>
          </reporter-output>
        </test-method> <!-- set -->
        <test-method status="PASS" signature="integration_exclusive_validate_thumbnail()[pri:1, instance:testcases.Test_Exclusive@2611b9a3]" name="integration_exclusive_validate_thumbnail" duration-ms="34340" started-at="2020-07-08T14:47:58Z" finished-at="2020-07-08T14:48:32Z">
          <reporter-output>
          </reporter-output>
        </test-method> <!-- integration_exclusive_validate_thumbnail -->
        <test-method status="PASS" signature="done(org.testng.ITestResult)[pri:0, instance:testcases.Test_Exclusive@2611b9a3]" name="done" is-config="true" duration-ms="5992" started-at="2020-07-08T14:48:32Z" finished-at="2020-07-08T14:48:38Z">
          <params>
            <param index="0">
              <value>
                <![CDATA[[TestResult name=integration_exclusive_validate_thumbnail status=SUCCESS method=Test_Exclusive.integration_exclusive_validate_thumbnail()[pri:1, instance:testcases.Test_Exclusive@2611b9a3] output={null}]]]>
              </value>
            </param>
          </params>
          <reporter-output>
          </reporter-output>
        </test-method> <!-- done -->
        <test-method status="PASS" signature="set()[pri:0, instance:testcases.Test_Exclusive@2611b9a3]" name="set" is-config="true" duration-ms="1204" started-at="2020-07-08T14:48:38Z" finished-at="2020-07-08T14:48:39Z">
          <reporter-output>
          </reporter-output>
        </test-method> <!-- set -->
        <test-method status="PASS" signature="exclusive_validate_list_share(java.lang.String, java.lang.String)[pri:2, instance:testcases.Test_Exclusive@2611b9a3]" name="exclusive_validate_list_share" duration-ms="8130" started-at="2020-07-08T14:48:39Z" data-provider="list_share" finished-at="2020-07-08T14:48:47Z">
          <params>
            <param index="0">
              <value>
                <![CDATA[0]]>
              </value>
            </param>
            <param index="1">
              <value>
                <![CDATA[facebook]]>
              </value>
            </param>
          </params>
          <reporter-output>
          </reporter-output>
        </test-method> <!-- exclusive_validate_list_share -->
        <test-method status="PASS" signature="done(org.testng.ITestResult)[pri:0, instance:testcases.Test_Exclusive@2611b9a3]" name="done" is-config="true" duration-ms="6844" started-at="2020-07-08T14:48:47Z" finished-at="2020-07-08T14:48:54Z">
          <params>
            <param index="0">
              <value>
                <![CDATA[[TestResult name=exclusive_validate_list_share status=SUCCESS method=Test_Exclusive.exclusive_validate_list_share(java.lang.String, java.lang.String)[pri:2, instance:testcases.Test_Exclusive@2611b9a3] output={null}]]]>
              </value>
            </param>
          </params>
          <reporter-output>
          </reporter-output>
        </test-method> <!-- done -->
        <test-method status="PASS" signature="set()[pri:0, instance:testcases.Test_Exclusive@2611b9a3]" name="set" is-config="true" duration-ms="7264" started-at="2020-07-08T14:48:54Z" finished-at="2020-07-08T14:49:02Z">
          <reporter-output>
          </reporter-output>
        </test-method> <!-- set -->
        <test-method status="PASS" signature="exclusive_validate_list_share(java.lang.String, java.lang.String)[pri:2, instance:testcases.Test_Exclusive@2611b9a3]" name="exclusive_validate_list_share" duration-ms="10979" started-at="2020-07-08T14:49:02Z" data-provider="list_share" finished-at="2020-07-08T14:49:12Z">
          <params>
            <param index="0">
              <value>
                <![CDATA[1]]>
              </value>
            </param>
            <param index="1">
              <value>
                <![CDATA[twitter]]>
              </value>
            </param>
          </params>
          <reporter-output>
          </reporter-output>
        </test-method> <!-- exclusive_validate_list_share -->
        <test-method status="PASS" signature="done(org.testng.ITestResult)[pri:0, instance:testcases.Test_Exclusive@2611b9a3]" name="done" is-config="true" duration-ms="6180" started-at="2020-07-08T14:49:13Z" finished-at="2020-07-08T14:49:19Z">
          <params>
            <param index="0">
              <value>
                <![CDATA[[TestResult name=exclusive_validate_list_share status=SUCCESS method=Test_Exclusive.exclusive_validate_list_share(java.lang.String, java.lang.String)[pri:2, instance:testcases.Test_Exclusive@2611b9a3] output={null}]]]>
              </value>
            </param>
          </params>
          <reporter-output>
          </reporter-output>
        </test-method> <!-- done -->
        <test-method status="PASS" signature="set()[pri:0, instance:testcases.Test_Exclusive@2611b9a3]" name="set" is-config="true" duration-ms="7154" started-at="2020-07-08T14:49:19Z" finished-at="2020-07-08T14:49:26Z">
          <reporter-output>
          </reporter-output>
        </test-method> <!-- set -->
        <test-method status="PASS" signature="exclusive_validate_list_share(java.lang.String, java.lang.String)[pri:2, instance:testcases.Test_Exclusive@2611b9a3]" name="exclusive_validate_list_share" duration-ms="9264" started-at="2020-07-08T14:49:26Z" data-provider="list_share" finished-at="2020-07-08T14:49:35Z">
          <params>
            <param index="0">
              <value>
                <![CDATA[2]]>
              </value>
            </param>
            <param index="1">
              <value>
                <![CDATA[line]]>
              </value>
            </param>
          </params>
          <reporter-output>
          </reporter-output>
        </test-method> <!-- exclusive_validate_list_share -->
        <test-method status="PASS" signature="done(org.testng.ITestResult)[pri:0, instance:testcases.Test_Exclusive@2611b9a3]" name="done" is-config="true" duration-ms="6087" started-at="2020-07-08T14:49:35Z" finished-at="2020-07-08T14:49:41Z">
          <params>
            <param index="0">
              <value>
                <![CDATA[[TestResult name=exclusive_validate_list_share status=SUCCESS method=Test_Exclusive.exclusive_validate_list_share(java.lang.String, java.lang.String)[pri:2, instance:testcases.Test_Exclusive@2611b9a3] output={null}]]]>
              </value>
            </param>
          </params>
          <reporter-output>
          </reporter-output>
        </test-method> <!-- done -->
        <test-method status="PASS" signature="set()[pri:0, instance:testcases.Test_Exclusive@2611b9a3]" name="set" is-config="true" duration-ms="1081" started-at="2020-07-08T14:49:41Z" finished-at="2020-07-08T14:49:42Z">
          <reporter-output>
          </reporter-output>
        </test-method> <!-- set -->
        <test-method status="PASS" signature="exclusive_validate_list_share(java.lang.String, java.lang.String)[pri:2, instance:testcases.Test_Exclusive@2611b9a3]" name="exclusive_validate_list_share" duration-ms="13559" started-at="2020-07-08T14:49:42Z" data-provider="list_share" finished-at="2020-07-08T14:49:56Z">
          <params>
            <param index="0">
              <value>
                <![CDATA[3]]>
              </value>
            </param>
            <param index="1">
              <value>
                <![CDATA[email]]>
              </value>
            </param>
          </params>
          <reporter-output>
          </reporter-output>
        </test-method> <!-- exclusive_validate_list_share -->
        <test-method status="PASS" signature="done(org.testng.ITestResult)[pri:0, instance:testcases.Test_Exclusive@2611b9a3]" name="done" is-config="true" duration-ms="6171" started-at="2020-07-08T14:49:56Z" finished-at="2020-07-08T14:50:02Z">
          <params>
            <param index="0">
              <value>
                <![CDATA[[TestResult name=exclusive_validate_list_share status=SUCCESS method=Test_Exclusive.exclusive_validate_list_share(java.lang.String, java.lang.String)[pri:2, instance:testcases.Test_Exclusive@2611b9a3] output={null}]]]>
              </value>
            </param>
          </params>
          <reporter-output>
          </reporter-output>
        </test-method> <!-- done -->
        <test-method status="PASS" signature="set()[pri:0, instance:testcases.Test_Exclusive@2611b9a3]" name="set" is-config="true" duration-ms="7303" started-at="2020-07-08T14:50:02Z" finished-at="2020-07-08T14:50:09Z">
          <reporter-output>
          </reporter-output>
        </test-method> <!-- set -->
        <test-method status="PASS" signature="exclusive_validate_list_share(java.lang.String, java.lang.String)[pri:2, instance:testcases.Test_Exclusive@2611b9a3]" name="exclusive_validate_list_share" duration-ms="13503" started-at="2020-07-08T14:50:09Z" data-provider="list_share" finished-at="2020-07-08T14:50:23Z">
          <params>
            <param index="0">
              <value>
                <![CDATA[4]]>
              </value>
            </param>
            <param index="1">
              <value>
                <![CDATA[whatsapp]]>
              </value>
            </param>
          </params>
          <reporter-output>
          </reporter-output>
        </test-method> <!-- exclusive_validate_list_share -->
        <test-method status="PASS" signature="done(org.testng.ITestResult)[pri:0, instance:testcases.Test_Exclusive@2611b9a3]" name="done" is-config="true" duration-ms="6204" started-at="2020-07-08T14:50:23Z" finished-at="2020-07-08T14:50:29Z">
          <params>
            <param index="0">
              <value>
                <![CDATA[[TestResult name=exclusive_validate_list_share status=SUCCESS method=Test_Exclusive.exclusive_validate_list_share(java.lang.String, java.lang.String)[pri:2, instance:testcases.Test_Exclusive@2611b9a3] output={null}]]]>
              </value>
            </param>
          </params>
          <reporter-output>
          </reporter-output>
        </test-method> <!-- done -->
        <test-method status="PASS" signature="set()[pri:0, instance:testcases.Test_Exclusive@2611b9a3]" name="set" is-config="true" duration-ms="6377" started-at="2020-07-08T14:50:29Z" finished-at="2020-07-08T14:50:35Z">
          <reporter-output>
          </reporter-output>
        </test-method> <!-- set -->
        <test-method status="PASS" signature="exclusive_list_tab_menu(java.lang.String, java.lang.String)[pri:3, instance:testcases.Test_Exclusive@2611b9a3]" name="exclusive_list_tab_menu" duration-ms="4351" started-at="2020-07-08T14:50:35Z" data-provider="list_tab_menu_exclusive" finished-at="2020-07-08T14:50:40Z">
          <params>
            <param index="0">
              <value>
                <![CDATA[0]]>
              </value>
            </param>
            <param index="1">
              <value>
                <![CDATA[All]]>
              </value>
            </param>
          </params>
          <reporter-output>
          </reporter-output>
        </test-method> <!-- exclusive_list_tab_menu -->
        <test-method status="PASS" signature="done(org.testng.ITestResult)[pri:0, instance:testcases.Test_Exclusive@2611b9a3]" name="done" is-config="true" duration-ms="5851" started-at="2020-07-08T14:50:40Z" finished-at="2020-07-08T14:50:46Z">
          <params>
            <param index="0">
              <value>
                <![CDATA[[TestResult name=exclusive_list_tab_menu status=SUCCESS method=Test_Exclusive.exclusive_list_tab_menu(java.lang.String, java.lang.String)[pri:3, instance:testcases.Test_Exclusive@2611b9a3] output={null}]]]>
              </value>
            </param>
          </params>
          <reporter-output>
          </reporter-output>
        </test-method> <!-- done -->
        <test-method status="PASS" signature="set()[pri:0, instance:testcases.Test_Exclusive@2611b9a3]" name="set" is-config="true" duration-ms="7487" started-at="2020-07-08T14:50:46Z" finished-at="2020-07-08T14:50:53Z">
          <reporter-output>
          </reporter-output>
        </test-method> <!-- set -->
        <test-method status="PASS" signature="exclusive_list_tab_menu(java.lang.String, java.lang.String)[pri:3, instance:testcases.Test_Exclusive@2611b9a3]" name="exclusive_list_tab_menu" duration-ms="5191" started-at="2020-07-08T14:50:53Z" data-provider="list_tab_menu_exclusive" finished-at="2020-07-08T14:50:58Z">
          <params>
            <param index="0">
              <value>
                <![CDATA[1]]>
              </value>
            </param>
            <param index="1">
              <value>
                <![CDATA[Clip]]>
              </value>
            </param>
          </params>
          <reporter-output>
          </reporter-output>
        </test-method> <!-- exclusive_list_tab_menu -->
        <test-method status="PASS" signature="done(org.testng.ITestResult)[pri:0, instance:testcases.Test_Exclusive@2611b9a3]" name="done" is-config="true" duration-ms="5892" started-at="2020-07-08T14:50:58Z" finished-at="2020-07-08T14:51:04Z">
          <params>
            <param index="0">
              <value>
                <![CDATA[[TestResult name=exclusive_list_tab_menu status=SUCCESS method=Test_Exclusive.exclusive_list_tab_menu(java.lang.String, java.lang.String)[pri:3, instance:testcases.Test_Exclusive@2611b9a3] output={null}]]]>
              </value>
            </param>
          </params>
          <reporter-output>
          </reporter-output>
        </test-method> <!-- done -->
        <test-method status="PASS" signature="set()[pri:0, instance:testcases.Test_Exclusive@2611b9a3]" name="set" is-config="true" duration-ms="6671" started-at="2020-07-08T14:51:04Z" finished-at="2020-07-08T14:51:11Z">
          <reporter-output>
          </reporter-output>
        </test-method> <!-- set -->
        <test-method status="PASS" signature="exclusive_list_tab_menu(java.lang.String, java.lang.String)[pri:3, instance:testcases.Test_Exclusive@2611b9a3]" name="exclusive_list_tab_menu" duration-ms="7561" started-at="2020-07-08T14:51:11Z" data-provider="list_tab_menu_exclusive" finished-at="2020-07-08T14:51:19Z">
          <params>
            <param index="0">
              <value>
                <![CDATA[2]]>
              </value>
            </param>
            <param index="1">
              <value>
                <![CDATA[Photo]]>
              </value>
            </param>
          </params>
          <reporter-output>
          </reporter-output>
        </test-method> <!-- exclusive_list_tab_menu -->
        <test-method status="PASS" signature="done(org.testng.ITestResult)[pri:0, instance:testcases.Test_Exclusive@2611b9a3]" name="done" is-config="true" duration-ms="5964" started-at="2020-07-08T14:51:19Z" finished-at="2020-07-08T14:51:25Z">
          <params>
            <param index="0">
              <value>
                <![CDATA[[TestResult name=exclusive_list_tab_menu status=SUCCESS method=Test_Exclusive.exclusive_list_tab_menu(java.lang.String, java.lang.String)[pri:3, instance:testcases.Test_Exclusive@2611b9a3] output={null}]]]>
              </value>
            </param>
          </params>
          <reporter-output>
          </reporter-output>
        </test-method> <!-- done -->
        <test-method status="PASS" signature="set()[pri:0, instance:testcases.Test_Exclusive@2611b9a3]" name="set" is-config="true" duration-ms="7800" started-at="2020-07-08T14:51:25Z" finished-at="2020-07-08T14:51:32Z">
          <reporter-output>
          </reporter-output>
        </test-method> <!-- set -->
        <test-method status="PASS" signature="exclusive_list_tab_menu(java.lang.String, java.lang.String)[pri:3, instance:testcases.Test_Exclusive@2611b9a3]" name="exclusive_list_tab_menu" duration-ms="7217" started-at="2020-07-08T14:51:32Z" data-provider="list_tab_menu_exclusive" finished-at="2020-07-08T14:51:40Z">
          <params>
            <param index="0">
              <value>
                <![CDATA[3]]>
              </value>
            </param>
            <param index="1">
              <value>
                <![CDATA[Entertainment]]>
              </value>
            </param>
          </params>
          <reporter-output>
          </reporter-output>
        </test-method> <!-- exclusive_list_tab_menu -->
        <test-method status="PASS" signature="done(org.testng.ITestResult)[pri:0, instance:testcases.Test_Exclusive@2611b9a3]" name="done" is-config="true" duration-ms="6668" started-at="2020-07-08T14:51:40Z" finished-at="2020-07-08T14:51:46Z">
          <params>
            <param index="0">
              <value>
                <![CDATA[[TestResult name=exclusive_list_tab_menu status=SUCCESS method=Test_Exclusive.exclusive_list_tab_menu(java.lang.String, java.lang.String)[pri:3, instance:testcases.Test_Exclusive@2611b9a3] output={null}]]]>
              </value>
            </param>
          </params>
          <reporter-output>
          </reporter-output>
        </test-method> <!-- done -->
        <test-method status="PASS" signature="set()[pri:0, instance:testcases.Test_Exclusive@2611b9a3]" name="set" is-config="true" duration-ms="8260" started-at="2020-07-08T14:51:46Z" finished-at="2020-07-08T14:51:54Z">
          <reporter-output>
          </reporter-output>
        </test-method> <!-- set -->
        <test-method status="PASS" signature="exclusive_list_tab_menu(java.lang.String, java.lang.String)[pri:3, instance:testcases.Test_Exclusive@2611b9a3]" name="exclusive_list_tab_menu" duration-ms="4420" started-at="2020-07-08T14:51:54Z" data-provider="list_tab_menu_exclusive" finished-at="2020-07-08T14:51:59Z">
          <params>
            <param index="0">
              <value>
                <![CDATA[4]]>
              </value>
            </param>
            <param index="1">
              <value>
                <![CDATA[News]]>
              </value>
            </param>
          </params>
          <reporter-output>
          </reporter-output>
        </test-method> <!-- exclusive_list_tab_menu -->
        <test-method status="PASS" signature="done(org.testng.ITestResult)[pri:0, instance:testcases.Test_Exclusive@2611b9a3]" name="done" is-config="true" duration-ms="7387" started-at="2020-07-08T14:51:59Z" finished-at="2020-07-08T14:52:06Z">
          <params>
            <param index="0">
              <value>
                <![CDATA[[TestResult name=exclusive_list_tab_menu status=SUCCESS method=Test_Exclusive.exclusive_list_tab_menu(java.lang.String, java.lang.String)[pri:3, instance:testcases.Test_Exclusive@2611b9a3] output={null}]]]>
              </value>
            </param>
          </params>
          <reporter-output>
          </reporter-output>
        </test-method> <!-- done -->
        <test-method status="PASS" signature="set()[pri:0, instance:testcases.Test_Exclusive@2611b9a3]" name="set" is-config="true" duration-ms="6610" started-at="2020-07-08T14:52:06Z" finished-at="2020-07-08T14:52:13Z">
          <reporter-output>
          </reporter-output>
        </test-method> <!-- set -->
        <test-method status="PASS" signature="exclusive_list_tab_menu(java.lang.String, java.lang.String)[pri:3, instance:testcases.Test_Exclusive@2611b9a3]" name="exclusive_list_tab_menu" duration-ms="8342" started-at="2020-07-08T14:52:13Z" data-provider="list_tab_menu_exclusive" finished-at="2020-07-08T14:52:21Z">
          <params>
            <param index="0">
              <value>
                <![CDATA[5]]>
              </value>
            </param>
            <param index="1">
              <value>
                <![CDATA[Bloopers]]>
              </value>
            </param>
          </params>
          <reporter-output>
          </reporter-output>
        </test-method> <!-- exclusive_list_tab_menu -->
        <test-method status="PASS" signature="done(org.testng.ITestResult)[pri:0, instance:testcases.Test_Exclusive@2611b9a3]" name="done" is-config="true" duration-ms="6349" started-at="2020-07-08T14:52:21Z" finished-at="2020-07-08T14:52:28Z">
          <params>
            <param index="0">
              <value>
                <![CDATA[[TestResult name=exclusive_list_tab_menu status=SUCCESS method=Test_Exclusive.exclusive_list_tab_menu(java.lang.String, java.lang.String)[pri:3, instance:testcases.Test_Exclusive@2611b9a3] output={null}]]]>
              </value>
            </param>
          </params>
          <reporter-output>
          </reporter-output>
        </test-method> <!-- done -->
        <test-method status="PASS" signature="set()[pri:0, instance:testcases.Test_Exclusive@2611b9a3]" name="set" is-config="true" duration-ms="7625" started-at="2020-07-08T14:52:28Z" finished-at="2020-07-08T14:52:35Z">
          <reporter-output>
          </reporter-output>
        </test-method> <!-- set -->
        <test-method status="PASS" signature="exclusive_list_tab_menu(java.lang.String, java.lang.String)[pri:3, instance:testcases.Test_Exclusive@2611b9a3]" name="exclusive_list_tab_menu" duration-ms="8847" started-at="2020-07-08T14:52:35Z" data-provider="list_tab_menu_exclusive" finished-at="2020-07-08T14:52:44Z">
          <params>
            <param index="0">
              <value>
                <![CDATA[6]]>
              </value>
            </param>
            <param index="1">
              <value>
                <![CDATA[Behind The Scenes]]>
              </value>
            </param>
          </params>
          <reporter-output>
          </reporter-output>
        </test-method> <!-- exclusive_list_tab_menu -->
        <test-method status="PASS" signature="done(org.testng.ITestResult)[pri:0, instance:testcases.Test_Exclusive@2611b9a3]" name="done" is-config="true" duration-ms="5467" started-at="2020-07-08T14:52:44Z" finished-at="2020-07-08T14:52:50Z">
          <params>
            <param index="0">
              <value>
                <![CDATA[[TestResult name=exclusive_list_tab_menu status=SUCCESS method=Test_Exclusive.exclusive_list_tab_menu(java.lang.String, java.lang.String)[pri:3, instance:testcases.Test_Exclusive@2611b9a3] output={null}]]]>
              </value>
            </param>
          </params>
          <reporter-output>
          </reporter-output>
        </test-method> <!-- done -->
        <test-method status="PASS" signature="set()[pri:0, instance:testcases.Test_Exclusive@2611b9a3]" name="set" is-config="true" duration-ms="6504" started-at="2020-07-08T14:52:50Z" finished-at="2020-07-08T14:52:56Z">
          <reporter-output>
          </reporter-output>
        </test-method> <!-- set -->
        <test-method status="PASS" signature="exclusive_list_tab_menu_klik(java.lang.String, java.lang.String)[pri:4, instance:testcases.Test_Exclusive@2611b9a3]" name="exclusive_list_tab_menu_klik" duration-ms="7139" started-at="2020-07-08T14:52:56Z" data-provider="list_tab_menu_exclusive" finished-at="2020-07-08T14:53:03Z">
          <params>
            <param index="0">
              <value>
                <![CDATA[0]]>
              </value>
            </param>
            <param index="1">
              <value>
                <![CDATA[All]]>
              </value>
            </param>
          </params>
          <reporter-output>
          </reporter-output>
        </test-method> <!-- exclusive_list_tab_menu_klik -->
        <test-method status="PASS" signature="done(org.testng.ITestResult)[pri:0, instance:testcases.Test_Exclusive@2611b9a3]" name="done" is-config="true" duration-ms="6691" started-at="2020-07-08T14:53:03Z" finished-at="2020-07-08T14:53:10Z">
          <params>
            <param index="0">
              <value>
                <![CDATA[[TestResult name=exclusive_list_tab_menu_klik status=SUCCESS method=Test_Exclusive.exclusive_list_tab_menu_klik(java.lang.String, java.lang.String)[pri:4, instance:testcases.Test_Exclusive@2611b9a3] output={null}]]]>
              </value>
            </param>
          </params>
          <reporter-output>
          </reporter-output>
        </test-method> <!-- done -->
        <test-method status="PASS" signature="set()[pri:0, instance:testcases.Test_Exclusive@2611b9a3]" name="set" is-config="true" duration-ms="7604" started-at="2020-07-08T14:53:10Z" finished-at="2020-07-08T14:53:17Z">
          <reporter-output>
          </reporter-output>
        </test-method> <!-- set -->
        <test-method status="PASS" signature="exclusive_list_tab_menu_klik(java.lang.String, java.lang.String)[pri:4, instance:testcases.Test_Exclusive@2611b9a3]" name="exclusive_list_tab_menu_klik" duration-ms="8078" started-at="2020-07-08T14:53:17Z" data-provider="list_tab_menu_exclusive" finished-at="2020-07-08T14:53:26Z">
          <params>
            <param index="0">
              <value>
                <![CDATA[1]]>
              </value>
            </param>
            <param index="1">
              <value>
                <![CDATA[Clip]]>
              </value>
            </param>
          </params>
          <reporter-output>
          </reporter-output>
        </test-method> <!-- exclusive_list_tab_menu_klik -->
        <test-method status="PASS" signature="done(org.testng.ITestResult)[pri:0, instance:testcases.Test_Exclusive@2611b9a3]" name="done" is-config="true" duration-ms="6104" started-at="2020-07-08T14:53:26Z" finished-at="2020-07-08T14:53:32Z">
          <params>
            <param index="0">
              <value>
                <![CDATA[[TestResult name=exclusive_list_tab_menu_klik status=SUCCESS method=Test_Exclusive.exclusive_list_tab_menu_klik(java.lang.String, java.lang.String)[pri:4, instance:testcases.Test_Exclusive@2611b9a3] output={null}]]]>
              </value>
            </param>
          </params>
          <reporter-output>
          </reporter-output>
        </test-method> <!-- done -->
        <test-method status="PASS" signature="set()[pri:0, instance:testcases.Test_Exclusive@2611b9a3]" name="set" is-config="true" duration-ms="1354" started-at="2020-07-08T14:53:32Z" finished-at="2020-07-08T14:53:33Z">
          <reporter-output>
          </reporter-output>
        </test-method> <!-- set -->
        <test-method status="FAIL" signature="exclusive_list_tab_menu_klik(java.lang.String, java.lang.String)[pri:4, instance:testcases.Test_Exclusive@2611b9a3]" name="exclusive_list_tab_menu_klik" duration-ms="5163" started-at="2020-07-08T14:53:33Z" data-provider="list_tab_menu_exclusive" finished-at="2020-07-08T14:53:38Z">
          <params>
            <param index="0">
              <value>
                <![CDATA[2]]>
              </value>
            </param>
            <param index="1">
              <value>
                <![CDATA[Photo]]>
              </value>
            </param>
          </params>
          <exception class="org.openqa.selenium.ElementClickInterceptedException">
            <message>
              <![CDATA[element click intercepted: Element <li class="exclusive-item nav-item">...</li> is not clickable at point (126, 89). Other element would receive the click: <div class="default-loader ">...</div>
  (Session info: chrome=83.0.4103.61)
Build info: version: '3.141.59', revision: 'e82be7d358', time: '2018-11-14T08:17:03'
System info: host: 'MNCTVN05589', ip: '192.168.137.1', os.name: 'Windows 10', os.arch: 'amd64', os.version: '10.0', java.version: '1.8.0_221'
Driver info: org.openqa.selenium.remote.RemoteWebDriver
Capabilities {acceptInsecureCerts: false, browserName: chrome, browserVersion: 83.0.4103.61, chrome: {chromedriverVersion: 83.0.4103.39 (ccbf011cb2d2b..., userDataDir: /tmp/.com.google.Chrome.E6xFX5}, goog:chromeOptions: {debuggerAddress: localhost:41127}, javascriptEnabled: true, networkConnectionEnabled: false, pageLoadStrategy: normal, platform: LINUX, platformName: LINUX, proxy: Proxy(), setWindowRect: true, strictFileInteractability: false, timeouts: {implicit: 0, pageLoad: 300000, script: 30000}, unhandledPromptBehavior: dismiss and notify, webauthn:virtualAuthenticators: true, webdriver.remote.sessionid: 377338150cfd9c36e072ae669b6...}
Session ID: 377338150cfd9c36e072ae669b6e5365]]>
            </message>
            <full-stacktrace>
              <![CDATA[org.openqa.selenium.ElementClickInterceptedException: element click intercepted: Element <li class="exclusive-item nav-item">...</li> is not clickable at point (126, 89). Other element would receive the click: <div class="default-loader ">...</div>
  (Session info: chrome=83.0.4103.61)
Build info: version: '3.141.59', revision: 'e82be7d358', time: '2018-11-14T08:17:03'
System info: host: 'MNCTVN05589', ip: '192.168.137.1', os.name: 'Windows 10', os.arch: 'amd64', os.version: '10.0', java.version: '1.8.0_221'
Driver info: org.openqa.selenium.remote.RemoteWebDriver
Capabilities {acceptInsecureCerts: false, browserName: chrome, browserVersion: 83.0.4103.61, chrome: {chromedriverVersion: 83.0.4103.39 (ccbf011cb2d2b..., userDataDir: /tmp/.com.google.Chrome.E6xFX5}, goog:chromeOptions: {debuggerAddress: localhost:41127}, javascriptEnabled: true, networkConnectionEnabled: false, pageLoadStrategy: normal, platform: LINUX, platformName: LINUX, proxy: Proxy(), setWindowRect: true, strictFileInteractability: false, timeouts: {implicit: 0, pageLoad: 300000, script: 30000}, unhandledPromptBehavior: dismiss and notify, webauthn:virtualAuthenticators: true, webdriver.remote.sessionid: 377338150cfd9c36e072ae669b6...}
Session ID: 377338150cfd9c36e072ae669b6e5365
	at sun.reflect.NativeConstructorAccessorImpl.newInstance0(Native Method)
	at sun.reflect.NativeConstructorAccessorImpl.newInstance(Unknown Source)
	at sun.reflect.DelegatingConstructorAccessorImpl.newInstance(Unknown Source)
	at java.lang.reflect.Constructor.newInstance(Unknown Source)
	at org.openqa.selenium.remote.http.W3CHttpResponseCodec.createException(W3CHttpResponseCodec.java:187)
	at org.openqa.selenium.remote.http.W3CHttpResponseCodec.decode(W3CHttpResponseCodec.java:122)
	at org.openqa.selenium.remote.http.W3CHttpResponseCodec.decode(W3CHttpResponseCodec.java:49)
	at org.openqa.selenium.remote.HttpCommandExecutor.execute(HttpCommandExecutor.java:158)
	at org.openqa.selenium.remote.RemoteWebDriver.execute(RemoteWebDriver.java:552)
	at org.openqa.selenium.remote.RemoteWebElement.execute(RemoteWebElement.java:285)
	at org.openqa.selenium.remote.RemoteWebElement.click(RemoteWebElement.java:84)
	at object.Button.byClassByIndex(Button.java:232)
	at testcases.Test_Exclusive.exclusive_list_tab_menu_klik(Test_Exclusive.java:57)
	at sun.reflect.NativeMethodAccessorImpl.invoke0(Native Method)
	at sun.reflect.NativeMethodAccessorImpl.invoke(Unknown Source)
	at sun.reflect.DelegatingMethodAccessorImpl.invoke(Unknown Source)
	at java.lang.reflect.Method.invoke(Unknown Source)
	at org.testng.internal.MethodInvocationHelper.invokeMethod(MethodInvocationHelper.java:86)
	at org.testng.internal.Invoker.invokeMethod(Invoker.java:643)
	at org.testng.internal.Invoker.invokeTestMethod(Invoker.java:820)
	at org.testng.internal.Invoker.invokeTestMethods(Invoker.java:1128)
	at org.testng.internal.TestMethodWorker.invokeTestMethods(TestMethodWorker.java:129)
	at org.testng.internal.TestMethodWorker.run(TestMethodWorker.java:112)
	at org.testng.TestRunner.privateRun(TestRunner.java:782)
	at org.testng.TestRunner.run(TestRunner.java:632)
	at org.testng.SuiteRunner.runTest(SuiteRunner.java:366)
	at org.testng.SuiteRunner.runSequentially(SuiteRunner.java:361)
	at org.testng.SuiteRunner.privateRun(SuiteRunner.java:319)
	at org.testng.SuiteRunner.run(SuiteRunner.java:268)
	at org.testng.SuiteRunnerWorker.runSuite(SuiteRunnerWorker.java:52)
	at org.testng.SuiteRunnerWorker.run(SuiteRunnerWorker.java:86)
	at org.testng.TestNG.runSuitesSequentially(TestNG.java:1244)
	at org.testng.TestNG.runSuitesLocally(TestNG.java:1169)
	at org.testng.TestNG.run(TestNG.java:1064)
	at org.apache.maven.surefire.testng.TestNGExecutor.run(TestNGExecutor.java:283)
	at org.apache.maven.surefire.testng.TestNGXmlTestSuite.execute(TestNGXmlTestSuite.java:75)
	at org.apache.maven.surefire.testng.TestNGProvider.invoke(TestNGProvider.java:120)
	at org.apache.maven.surefire.booter.ForkedBooter.runSuitesInProcess(ForkedBooter.java:377)
	at org.apache.maven.surefire.booter.ForkedBooter.execute(ForkedBooter.java:138)
	at org.apache.maven.surefire.booter.ForkedBooter.run(ForkedBooter.java:465)
	at org.apache.maven.surefire.booter.ForkedBooter.main(ForkedBooter.java:451)
]]>
            </full-stacktrace>
          </exception> <!-- org.openqa.selenium.ElementClickInterceptedException -->
          <reporter-output>
          </reporter-output>
        </test-method> <!-- exclusive_list_tab_menu_klik -->
        <test-method status="PASS" signature="done(org.testng.ITestResult)[pri:0, instance:testcases.Test_Exclusive@2611b9a3]" name="done" is-config="true" duration-ms="5474" started-at="2020-07-08T14:53:38Z" finished-at="2020-07-08T14:53:44Z">
          <params>
            <param index="0">
              <value>
                <![CDATA[[TestResult name=exclusive_list_tab_menu_klik status=FAILURE method=Test_Exclusive.exclusive_list_tab_menu_klik(java.lang.String, java.lang.String)[pri:4, instance:testcases.Test_Exclusive@2611b9a3] output={null}]]]>
              </value>
            </param>
          </params>
          <reporter-output>
          </reporter-output>
        </test-method> <!-- done -->
        <test-method status="PASS" signature="set()[pri:0, instance:testcases.Test_Exclusive@2611b9a3]" name="set" is-config="true" duration-ms="3462" started-at="2020-07-08T14:53:44Z" finished-at="2020-07-08T14:53:47Z">
          <reporter-output>
          </reporter-output>
        </test-method> <!-- set -->
        <test-method status="PASS" signature="exclusive_list_tab_menu_klik(java.lang.String, java.lang.String)[pri:4, instance:testcases.Test_Exclusive@2611b9a3]" name="exclusive_list_tab_menu_klik" duration-ms="9651" started-at="2020-07-08T14:53:47Z" data-provider="list_tab_menu_exclusive" finished-at="2020-07-08T14:53:57Z">
          <params>
            <param index="0">
              <value>
                <![CDATA[3]]>
              </value>
            </param>
            <param index="1">
              <value>
                <![CDATA[Entertainment]]>
              </value>
            </param>
          </params>
          <reporter-output>
          </reporter-output>
        </test-method> <!-- exclusive_list_tab_menu_klik -->
        <test-method status="PASS" signature="done(org.testng.ITestResult)[pri:0, instance:testcases.Test_Exclusive@2611b9a3]" name="done" is-config="true" duration-ms="6731" started-at="2020-07-08T14:53:57Z" finished-at="2020-07-08T14:54:04Z">
          <params>
            <param index="0">
              <value>
                <![CDATA[[TestResult name=exclusive_list_tab_menu_klik status=SUCCESS method=Test_Exclusive.exclusive_list_tab_menu_klik(java.lang.String, java.lang.String)[pri:4, instance:testcases.Test_Exclusive@2611b9a3] output={null}]]]>
              </value>
            </param>
          </params>
          <reporter-output>
          </reporter-output>
        </test-method> <!-- done -->
        <test-method status="PASS" signature="set()[pri:0, instance:testcases.Test_Exclusive@2611b9a3]" name="set" is-config="true" duration-ms="7558" started-at="2020-07-08T14:54:04Z" finished-at="2020-07-08T14:54:11Z">
          <reporter-output>
          </reporter-output>
        </test-method> <!-- set -->
        <test-method status="PASS" signature="exclusive_list_tab_menu_klik(java.lang.String, java.lang.String)[pri:4, instance:testcases.Test_Exclusive@2611b9a3]" name="exclusive_list_tab_menu_klik" duration-ms="8603" started-at="2020-07-08T14:54:11Z" data-provider="list_tab_menu_exclusive" finished-at="2020-07-08T14:54:20Z">
          <params>
            <param index="0">
              <value>
                <![CDATA[4]]>
              </value>
            </param>
            <param index="1">
              <value>
                <![CDATA[News]]>
              </value>
            </param>
          </params>
          <reporter-output>
          </reporter-output>
        </test-method> <!-- exclusive_list_tab_menu_klik -->
        <test-method status="PASS" signature="done(org.testng.ITestResult)[pri:0, instance:testcases.Test_Exclusive@2611b9a3]" name="done" is-config="true" duration-ms="6234" started-at="2020-07-08T14:54:20Z" finished-at="2020-07-08T14:54:26Z">
          <params>
            <param index="0">
              <value>
                <![CDATA[[TestResult name=exclusive_list_tab_menu_klik status=SUCCESS method=Test_Exclusive.exclusive_list_tab_menu_klik(java.lang.String, java.lang.String)[pri:4, instance:testcases.Test_Exclusive@2611b9a3] output={null}]]]>
              </value>
            </param>
          </params>
          <reporter-output>
          </reporter-output>
        </test-method> <!-- done -->
        <test-method status="PASS" signature="set()[pri:0, instance:testcases.Test_Exclusive@2611b9a3]" name="set" is-config="true" duration-ms="1397" started-at="2020-07-08T14:54:26Z" finished-at="2020-07-08T14:54:27Z">
          <reporter-output>
          </reporter-output>
        </test-method> <!-- set -->
        <test-method status="PASS" signature="exclusive_list_tab_menu_klik(java.lang.String, java.lang.String)[pri:4, instance:testcases.Test_Exclusive@2611b9a3]" name="exclusive_list_tab_menu_klik" duration-ms="8669" started-at="2020-07-08T14:54:27Z" data-provider="list_tab_menu_exclusive" finished-at="2020-07-08T14:54:36Z">
          <params>
            <param index="0">
              <value>
                <![CDATA[5]]>
              </value>
            </param>
            <param index="1">
              <value>
                <![CDATA[Bloopers]]>
              </value>
            </param>
          </params>
          <reporter-output>
          </reporter-output>
        </test-method> <!-- exclusive_list_tab_menu_klik -->
        <test-method status="PASS" signature="done(org.testng.ITestResult)[pri:0, instance:testcases.Test_Exclusive@2611b9a3]" name="done" is-config="true" duration-ms="5580" started-at="2020-07-08T14:54:36Z" finished-at="2020-07-08T14:54:42Z">
          <params>
            <param index="0">
              <value>
                <![CDATA[[TestResult name=exclusive_list_tab_menu_klik status=SUCCESS method=Test_Exclusive.exclusive_list_tab_menu_klik(java.lang.String, java.lang.String)[pri:4, instance:testcases.Test_Exclusive@2611b9a3] output={null}]]]>
              </value>
            </param>
          </params>
          <reporter-output>
          </reporter-output>
        </test-method> <!-- done -->
        <test-method status="PASS" signature="set()[pri:0, instance:testcases.Test_Exclusive@2611b9a3]" name="set" is-config="true" duration-ms="1406" started-at="2020-07-08T14:54:42Z" finished-at="2020-07-08T14:54:43Z">
          <reporter-output>
          </reporter-output>
        </test-method> <!-- set -->
        <test-method status="PASS" signature="exclusive_list_tab_menu_klik(java.lang.String, java.lang.String)[pri:4, instance:testcases.Test_Exclusive@2611b9a3]" name="exclusive_list_tab_menu_klik" duration-ms="7199" started-at="2020-07-08T14:54:43Z" data-provider="list_tab_menu_exclusive" finished-at="2020-07-08T14:54:50Z">
          <params>
            <param index="0">
              <value>
                <![CDATA[6]]>
              </value>
            </param>
            <param index="1">
              <value>
                <![CDATA[Behind The Scenes]]>
              </value>
            </param>
          </params>
          <reporter-output>
          </reporter-output>
        </test-method> <!-- exclusive_list_tab_menu_klik -->
        <test-method status="PASS" signature="done(org.testng.ITestResult)[pri:0, instance:testcases.Test_Exclusive@2611b9a3]" name="done" is-config="true" duration-ms="5460" started-at="2020-07-08T14:54:50Z" finished-at="2020-07-08T14:54:56Z">
          <params>
            <param index="0">
              <value>
                <![CDATA[[TestResult name=exclusive_list_tab_menu_klik status=SUCCESS method=Test_Exclusive.exclusive_list_tab_menu_klik(java.lang.String, java.lang.String)[pri:4, instance:testcases.Test_Exclusive@2611b9a3] output={null}]]]>
              </value>
            </param>
          </params>
          <reporter-output>
          </reporter-output>
        </test-method> <!-- done -->
        <test-method status="PASS" signature="set()[pri:0, instance:testcases.Test_Exclusive@2611b9a3]" name="set" is-config="true" duration-ms="1141" started-at="2020-07-08T14:54:56Z" finished-at="2020-07-08T14:54:57Z">
          <reporter-output>
          </reporter-output>
        </test-method> <!-- set -->
        <test-method status="PASS" signature="integration_exclusive_list_tab_menu_klik(java.lang.String, java.lang.String)[pri:5, instance:testcases.Test_Exclusive@2611b9a3]" name="integration_exclusive_list_tab_menu_klik" duration-ms="17203" started-at="2020-07-08T14:54:57Z" data-provider="list_tab_menu_exclusive" finished-at="2020-07-08T14:55:14Z">
          <params>
            <param index="0">
              <value>
                <![CDATA[0]]>
              </value>
            </param>
            <param index="1">
              <value>
                <![CDATA[All]]>
              </value>
            </param>
          </params>
          <reporter-output>
          </reporter-output>
        </test-method> <!-- integration_exclusive_list_tab_menu_klik -->
        <test-method status="PASS" signature="done(org.testng.ITestResult)[pri:0, instance:testcases.Test_Exclusive@2611b9a3]" name="done" is-config="true" duration-ms="6008" started-at="2020-07-08T14:55:14Z" finished-at="2020-07-08T14:55:20Z">
          <params>
            <param index="0">
              <value>
                <![CDATA[[TestResult name=integration_exclusive_list_tab_menu_klik status=SUCCESS method=Test_Exclusive.integration_exclusive_list_tab_menu_klik(java.lang.String, java.lang.String)[pri:5, instance:testcases.Test_Exclusive@2611b9a3] output={null}]]]>
              </value>
            </param>
          </params>
          <reporter-output>
          </reporter-output>
        </test-method> <!-- done -->
        <test-method status="PASS" signature="set()[pri:0, instance:testcases.Test_Exclusive@2611b9a3]" name="set" is-config="true" duration-ms="1166" started-at="2020-07-08T14:55:20Z" finished-at="2020-07-08T14:55:21Z">
          <reporter-output>
          </reporter-output>
        </test-method> <!-- set -->
        <test-method status="PASS" signature="integration_exclusive_list_tab_menu_klik(java.lang.String, java.lang.String)[pri:5, instance:testcases.Test_Exclusive@2611b9a3]" name="integration_exclusive_list_tab_menu_klik" duration-ms="16800" started-at="2020-07-08T14:55:21Z" data-provider="list_tab_menu_exclusive" finished-at="2020-07-08T14:55:38Z">
          <params>
            <param index="0">
              <value>
                <![CDATA[1]]>
              </value>
            </param>
            <param index="1">
              <value>
                <![CDATA[Clip]]>
              </value>
            </param>
          </params>
          <reporter-output>
          </reporter-output>
        </test-method> <!-- integration_exclusive_list_tab_menu_klik -->
        <test-method status="PASS" signature="done(org.testng.ITestResult)[pri:0, instance:testcases.Test_Exclusive@2611b9a3]" name="done" is-config="true" duration-ms="6372" started-at="2020-07-08T14:55:38Z" finished-at="2020-07-08T14:55:44Z">
          <params>
            <param index="0">
              <value>
                <![CDATA[[TestResult name=integration_exclusive_list_tab_menu_klik status=SUCCESS method=Test_Exclusive.integration_exclusive_list_tab_menu_klik(java.lang.String, java.lang.String)[pri:5, instance:testcases.Test_Exclusive@2611b9a3] output={null}]]]>
              </value>
            </param>
          </params>
          <reporter-output>
          </reporter-output>
        </test-method> <!-- done -->
        <test-method status="PASS" signature="set()[pri:0, instance:testcases.Test_Exclusive@2611b9a3]" name="set" is-config="true" duration-ms="1162" started-at="2020-07-08T14:55:44Z" finished-at="2020-07-08T14:55:46Z">
          <reporter-output>
          </reporter-output>
        </test-method> <!-- set -->
        <test-method status="PASS" signature="integration_exclusive_list_tab_menu_klik(java.lang.String, java.lang.String)[pri:5, instance:testcases.Test_Exclusive@2611b9a3]" name="integration_exclusive_list_tab_menu_klik" duration-ms="22918" started-at="2020-07-08T14:55:46Z" data-provider="list_tab_menu_exclusive" finished-at="2020-07-08T14:56:08Z">
          <params>
            <param index="0">
              <value>
                <![CDATA[2]]>
              </value>
            </param>
            <param index="1">
              <value>
                <![CDATA[Photo]]>
              </value>
            </param>
          </params>
          <reporter-output>
          </reporter-output>
        </test-method> <!-- integration_exclusive_list_tab_menu_klik -->
        <test-method status="PASS" signature="done(org.testng.ITestResult)[pri:0, instance:testcases.Test_Exclusive@2611b9a3]" name="done" is-config="true" duration-ms="5800" started-at="2020-07-08T14:56:08Z" finished-at="2020-07-08T14:56:14Z">
          <params>
            <param index="0">
              <value>
                <![CDATA[[TestResult name=integration_exclusive_list_tab_menu_klik status=SUCCESS method=Test_Exclusive.integration_exclusive_list_tab_menu_klik(java.lang.String, java.lang.String)[pri:5, instance:testcases.Test_Exclusive@2611b9a3] output={null}]]]>
              </value>
            </param>
          </params>
          <reporter-output>
          </reporter-output>
        </test-method> <!-- done -->
        <test-method status="PASS" signature="set()[pri:0, instance:testcases.Test_Exclusive@2611b9a3]" name="set" is-config="true" duration-ms="1301" started-at="2020-07-08T14:56:14Z" finished-at="2020-07-08T14:56:16Z">
          <reporter-output>
          </reporter-output>
        </test-method> <!-- set -->
        <test-method status="PASS" signature="integration_exclusive_list_tab_menu_klik(java.lang.String, java.lang.String)[pri:5, instance:testcases.Test_Exclusive@2611b9a3]" name="integration_exclusive_list_tab_menu_klik" duration-ms="21339" started-at="2020-07-08T14:56:16Z" data-provider="list_tab_menu_exclusive" finished-at="2020-07-08T14:56:37Z">
          <params>
            <param index="0">
              <value>
                <![CDATA[3]]>
              </value>
            </param>
            <param index="1">
              <value>
                <![CDATA[Entertainment]]>
              </value>
            </param>
          </params>
          <reporter-output>
          </reporter-output>
        </test-method> <!-- integration_exclusive_list_tab_menu_klik -->
        <test-method status="PASS" signature="done(org.testng.ITestResult)[pri:0, instance:testcases.Test_Exclusive@2611b9a3]" name="done" is-config="true" duration-ms="5871" started-at="2020-07-08T14:56:37Z" finished-at="2020-07-08T14:56:43Z">
          <params>
            <param index="0">
              <value>
                <![CDATA[[TestResult name=integration_exclusive_list_tab_menu_klik status=SUCCESS method=Test_Exclusive.integration_exclusive_list_tab_menu_klik(java.lang.String, java.lang.String)[pri:5, instance:testcases.Test_Exclusive@2611b9a3] output={null}]]]>
              </value>
            </param>
          </params>
          <reporter-output>
          </reporter-output>
        </test-method> <!-- done -->
        <test-method status="PASS" signature="set()[pri:0, instance:testcases.Test_Exclusive@2611b9a3]" name="set" is-config="true" duration-ms="1238" started-at="2020-07-08T14:56:43Z" finished-at="2020-07-08T14:56:44Z">
          <reporter-output>
          </reporter-output>
        </test-method> <!-- set -->
        <test-method status="PASS" signature="integration_exclusive_list_tab_menu_klik(java.lang.String, java.lang.String)[pri:5, instance:testcases.Test_Exclusive@2611b9a3]" name="integration_exclusive_list_tab_menu_klik" duration-ms="11407" started-at="2020-07-08T14:56:44Z" data-provider="list_tab_menu_exclusive" finished-at="2020-07-08T14:56:55Z">
          <params>
            <param index="0">
              <value>
                <![CDATA[4]]>
              </value>
            </param>
            <param index="1">
              <value>
                <![CDATA[News]]>
              </value>
            </param>
          </params>
          <reporter-output>
          </reporter-output>
        </test-method> <!-- integration_exclusive_list_tab_menu_klik -->
        <test-method status="PASS" signature="done(org.testng.ITestResult)[pri:0, instance:testcases.Test_Exclusive@2611b9a3]" name="done" is-config="true" duration-ms="5910" started-at="2020-07-08T14:56:55Z" finished-at="2020-07-08T14:57:01Z">
          <params>
            <param index="0">
              <value>
                <![CDATA[[TestResult name=integration_exclusive_list_tab_menu_klik status=SUCCESS method=Test_Exclusive.integration_exclusive_list_tab_menu_klik(java.lang.String, java.lang.String)[pri:5, instance:testcases.Test_Exclusive@2611b9a3] output={null}]]]>
              </value>
            </param>
          </params>
          <reporter-output>
          </reporter-output>
        </test-method> <!-- done -->
        <test-method status="PASS" signature="set()[pri:0, instance:testcases.Test_Exclusive@2611b9a3]" name="set" is-config="true" duration-ms="1448" started-at="2020-07-08T14:57:01Z" finished-at="2020-07-08T14:57:03Z">
          <reporter-output>
          </reporter-output>
        </test-method> <!-- set -->
        <test-method status="PASS" signature="integration_exclusive_list_tab_menu_klik(java.lang.String, java.lang.String)[pri:5, instance:testcases.Test_Exclusive@2611b9a3]" name="integration_exclusive_list_tab_menu_klik" duration-ms="11518" started-at="2020-07-08T14:57:03Z" data-provider="list_tab_menu_exclusive" finished-at="2020-07-08T14:57:14Z">
          <params>
            <param index="0">
              <value>
                <![CDATA[5]]>
              </value>
            </param>
            <param index="1">
              <value>
                <![CDATA[Bloopers]]>
              </value>
            </param>
          </params>
          <reporter-output>
          </reporter-output>
        </test-method> <!-- integration_exclusive_list_tab_menu_klik -->
        <test-method status="PASS" signature="done(org.testng.ITestResult)[pri:0, instance:testcases.Test_Exclusive@2611b9a3]" name="done" is-config="true" duration-ms="6040" started-at="2020-07-08T14:57:14Z" finished-at="2020-07-08T14:57:20Z">
          <params>
            <param index="0">
              <value>
                <![CDATA[[TestResult name=integration_exclusive_list_tab_menu_klik status=SUCCESS method=Test_Exclusive.integration_exclusive_list_tab_menu_klik(java.lang.String, java.lang.String)[pri:5, instance:testcases.Test_Exclusive@2611b9a3] output={null}]]]>
              </value>
            </param>
          </params>
          <reporter-output>
          </reporter-output>
        </test-method> <!-- done -->
        <test-method status="PASS" signature="set()[pri:0, instance:testcases.Test_Exclusive@2611b9a3]" name="set" is-config="true" duration-ms="1042" started-at="2020-07-08T14:57:20Z" finished-at="2020-07-08T14:57:21Z">
          <reporter-output>
          </reporter-output>
        </test-method> <!-- set -->
        <test-method status="PASS" signature="integration_exclusive_list_tab_menu_klik(java.lang.String, java.lang.String)[pri:5, instance:testcases.Test_Exclusive@2611b9a3]" name="integration_exclusive_list_tab_menu_klik" duration-ms="11022" started-at="2020-07-08T14:57:21Z" data-provider="list_tab_menu_exclusive" finished-at="2020-07-08T14:57:32Z">
          <params>
            <param index="0">
              <value>
                <![CDATA[6]]>
              </value>
            </param>
            <param index="1">
              <value>
                <![CDATA[Behind The Scenes]]>
              </value>
            </param>
          </params>
          <reporter-output>
          </reporter-output>
        </test-method> <!-- integration_exclusive_list_tab_menu_klik -->
        <test-method status="PASS" signature="done(org.testng.ITestResult)[pri:0, instance:testcases.Test_Exclusive@2611b9a3]" name="done" is-config="true" duration-ms="5980" started-at="2020-07-08T14:57:32Z" finished-at="2020-07-08T14:57:38Z">
          <params>
            <param index="0">
              <value>
                <![CDATA[[TestResult name=integration_exclusive_list_tab_menu_klik status=SUCCESS method=Test_Exclusive.integration_exclusive_list_tab_menu_klik(java.lang.String, java.lang.String)[pri:5, instance:testcases.Test_Exclusive@2611b9a3] output={null}]]]>
              </value>
            </param>
          </params>
          <reporter-output>
          </reporter-output>
        </test-method> <!-- done -->
      </class> <!-- testcases.Test_Exclusive -->
      <class name="testcases.Test_Sticky_Ads_Homepage">
        <test-method status="PASS" signature="set()[pri:0, instance:testcases.Test_Sticky_Ads_Homepage@b968a76]" name="set" is-config="true" duration-ms="1299" started-at="2020-07-08T14:41:01Z" finished-at="2020-07-08T14:41:03Z">
          <reporter-output>
          </reporter-output>
        </test-method> <!-- set -->
        <test-method status="FAIL" signature="sticky_ads()[pri:0, instance:testcases.Test_Sticky_Ads_Homepage@b968a76]" name="sticky_ads" duration-ms="74073" started-at="2020-07-08T14:41:03Z" finished-at="2020-07-08T14:42:17Z">
          <exception class="org.openqa.selenium.NoSuchElementException">
            <message>
              <![CDATA[no such element: Unable to locate element: {"method":"css selector","selector":"#google_image_div"}
  (Session info: chrome=83.0.4103.61)
For documentation on this error, please visit: https://www.seleniumhq.org/exceptions/no_such_element.html
Build info: version: '3.141.59', revision: 'e82be7d358', time: '2018-11-14T08:17:03'
System info: host: 'MNCTVN05589', ip: '192.168.137.1', os.name: 'Windows 10', os.arch: 'amd64', os.version: '10.0', java.version: '1.8.0_221'
Driver info: org.openqa.selenium.remote.RemoteWebDriver
Capabilities {acceptInsecureCerts: false, browserName: chrome, browserVersion: 83.0.4103.61, chrome: {chromedriverVersion: 83.0.4103.39 (ccbf011cb2d2b..., userDataDir: /tmp/.com.google.Chrome.j5NdH7}, goog:chromeOptions: {debuggerAddress: localhost:36213}, javascriptEnabled: true, networkConnectionEnabled: false, pageLoadStrategy: normal, platform: LINUX, platformName: LINUX, proxy: Proxy(), setWindowRect: true, strictFileInteractability: false, timeouts: {implicit: 0, pageLoad: 300000, script: 30000}, unhandledPromptBehavior: dismiss and notify, webauthn:virtualAuthenticators: true, webdriver.remote.sessionid: f5426662213c51317df482adce9...}
Session ID: f5426662213c51317df482adce90ba1b
*** Element info: {Using=id, value=google_image_div}]]>
            </message>
            <full-stacktrace>
              <![CDATA[org.openqa.selenium.NoSuchElementException: no such element: Unable to locate element: {"method":"css selector","selector":"#google_image_div"}
  (Session info: chrome=83.0.4103.61)
For documentation on this error, please visit: https://www.seleniumhq.org/exceptions/no_such_element.html
Build info: version: '3.141.59', revision: 'e82be7d358', time: '2018-11-14T08:17:03'
System info: host: 'MNCTVN05589', ip: '192.168.137.1', os.name: 'Windows 10', os.arch: 'amd64', os.version: '10.0', java.version: '1.8.0_221'
Driver info: org.openqa.selenium.remote.RemoteWebDriver
Capabilities {acceptInsecureCerts: false, browserName: chrome, browserVersion: 83.0.4103.61, chrome: {chromedriverVersion: 83.0.4103.39 (ccbf011cb2d2b..., userDataDir: /tmp/.com.google.Chrome.j5NdH7}, goog:chromeOptions: {debuggerAddress: localhost:36213}, javascriptEnabled: true, networkConnectionEnabled: false, pageLoadStrategy: normal, platform: LINUX, platformName: LINUX, proxy: Proxy(), setWindowRect: true, strictFileInteractability: false, timeouts: {implicit: 0, pageLoad: 300000, script: 30000}, unhandledPromptBehavior: dismiss and notify, webauthn:virtualAuthenticators: true, webdriver.remote.sessionid: f5426662213c51317df482adce9...}
Session ID: f5426662213c51317df482adce90ba1b
*** Element info: {Using=id, value=google_image_div}
	at sun.reflect.NativeConstructorAccessorImpl.newInstance0(Native Method)
	at sun.reflect.NativeConstructorAccessorImpl.newInstance(Unknown Source)
	at sun.reflect.DelegatingConstructorAccessorImpl.newInstance(Unknown Source)
	at java.lang.reflect.Constructor.newInstance(Unknown Source)
	at org.openqa.selenium.remote.http.W3CHttpResponseCodec.createException(W3CHttpResponseCodec.java:187)
	at org.openqa.selenium.remote.http.W3CHttpResponseCodec.decode(W3CHttpResponseCodec.java:122)
	at org.openqa.selenium.remote.http.W3CHttpResponseCodec.decode(W3CHttpResponseCodec.java:49)
	at org.openqa.selenium.remote.HttpCommandExecutor.execute(HttpCommandExecutor.java:158)
	at org.openqa.selenium.remote.RemoteWebDriver.execute(RemoteWebDriver.java:552)
	at org.openqa.selenium.remote.RemoteWebDriver.findElement(RemoteWebDriver.java:323)
	at org.openqa.selenium.remote.RemoteWebDriver.findElementById(RemoteWebDriver.java:372)
	at org.openqa.selenium.By$ById.findElement(By.java:188)
	at org.openqa.selenium.remote.RemoteWebDriver.findElement(RemoteWebDriver.java:315)
	at object.Button.byIdDisplay(Button.java:161)
	at testcases.Test_Sticky_Ads_Homepage.sticky_ads(Test_Sticky_Ads_Homepage.java:25)
	at sun.reflect.NativeMethodAccessorImpl.invoke0(Native Method)
	at sun.reflect.NativeMethodAccessorImpl.invoke(Unknown Source)
	at sun.reflect.DelegatingMethodAccessorImpl.invoke(Unknown Source)
	at java.lang.reflect.Method.invoke(Unknown Source)
	at org.testng.internal.MethodInvocationHelper.invokeMethod(MethodInvocationHelper.java:86)
	at org.testng.internal.Invoker.invokeMethod(Invoker.java:643)
	at org.testng.internal.Invoker.invokeTestMethod(Invoker.java:820)
	at org.testng.internal.Invoker.invokeTestMethods(Invoker.java:1128)
	at org.testng.internal.TestMethodWorker.invokeTestMethods(TestMethodWorker.java:129)
	at org.testng.internal.TestMethodWorker.run(TestMethodWorker.java:112)
	at org.testng.TestRunner.privateRun(TestRunner.java:782)
	at org.testng.TestRunner.run(TestRunner.java:632)
	at org.testng.SuiteRunner.runTest(SuiteRunner.java:366)
	at org.testng.SuiteRunner.runSequentially(SuiteRunner.java:361)
	at org.testng.SuiteRunner.privateRun(SuiteRunner.java:319)
	at org.testng.SuiteRunner.run(SuiteRunner.java:268)
	at org.testng.SuiteRunnerWorker.runSuite(SuiteRunnerWorker.java:52)
	at org.testng.SuiteRunnerWorker.run(SuiteRunnerWorker.java:86)
	at org.testng.TestNG.runSuitesSequentially(TestNG.java:1244)
	at org.testng.TestNG.runSuitesLocally(TestNG.java:1169)
	at org.testng.TestNG.run(TestNG.java:1064)
	at org.apache.maven.surefire.testng.TestNGExecutor.run(TestNGExecutor.java:283)
	at org.apache.maven.surefire.testng.TestNGXmlTestSuite.execute(TestNGXmlTestSuite.java:75)
	at org.apache.maven.surefire.testng.TestNGProvider.invoke(TestNGProvider.java:120)
	at org.apache.maven.surefire.booter.ForkedBooter.runSuitesInProcess(ForkedBooter.java:377)
	at org.apache.maven.surefire.booter.ForkedBooter.execute(ForkedBooter.java:138)
	at org.apache.maven.surefire.booter.ForkedBooter.run(ForkedBooter.java:465)
	at org.apache.maven.surefire.booter.ForkedBooter.main(ForkedBooter.java:451)
]]>
            </full-stacktrace>
          </exception> <!-- org.openqa.selenium.NoSuchElementException -->
          <reporter-output>
          </reporter-output>
        </test-method> <!-- sticky_ads -->
        <test-method status="PASS" signature="done(org.testng.ITestResult)[pri:0, instance:testcases.Test_Sticky_Ads_Homepage@b968a76]" name="done" is-config="true" duration-ms="6091" started-at="2020-07-08T14:42:17Z" finished-at="2020-07-08T14:42:23Z">
          <params>
            <param index="0">
              <value>
                <![CDATA[[TestResult name=sticky_ads status=FAILURE method=Test_Sticky_Ads_Homepage.sticky_ads()[pri:0, instance:testcases.Test_Sticky_Ads_Homepage@b968a76] output={null}]]]>
              </value>
            </param>
          </params>
          <reporter-output>
          </reporter-output>
        </test-method> <!-- done -->
        <test-method status="PASS" signature="set()[pri:0, instance:testcases.Test_Sticky_Ads_Homepage@b968a76]" name="set" is-config="true" duration-ms="1081" started-at="2020-07-08T14:42:23Z" finished-at="2020-07-08T14:42:24Z">
          <reporter-output>
          </reporter-output>
        </test-method> <!-- set -->
        <test-method status="FAIL" signature="sticky_ads_Scroll_Buttom()[pri:1, instance:testcases.Test_Sticky_Ads_Homepage@b968a76]" name="sticky_ads_Scroll_Buttom" duration-ms="44013" started-at="2020-07-08T14:42:24Z" finished-at="2020-07-08T14:43:08Z">
          <exception class="org.openqa.selenium.NoSuchElementException">
            <message>
              <![CDATA[no such element: Unable to locate element: {"method":"css selector","selector":"#google_image_div"}
  (Session info: chrome=83.0.4103.61)
For documentation on this error, please visit: https://www.seleniumhq.org/exceptions/no_such_element.html
Build info: version: '3.141.59', revision: 'e82be7d358', time: '2018-11-14T08:17:03'
System info: host: 'MNCTVN05589', ip: '192.168.137.1', os.name: 'Windows 10', os.arch: 'amd64', os.version: '10.0', java.version: '1.8.0_221'
Driver info: org.openqa.selenium.remote.RemoteWebDriver
Capabilities {acceptInsecureCerts: false, browserName: chrome, browserVersion: 83.0.4103.61, chrome: {chromedriverVersion: 83.0.4103.39 (ccbf011cb2d2b..., userDataDir: /tmp/.com.google.Chrome.ch4zRb}, goog:chromeOptions: {debuggerAddress: localhost:40855}, javascriptEnabled: true, networkConnectionEnabled: false, pageLoadStrategy: normal, platform: LINUX, platformName: LINUX, proxy: Proxy(), setWindowRect: true, strictFileInteractability: false, timeouts: {implicit: 0, pageLoad: 300000, script: 30000}, unhandledPromptBehavior: dismiss and notify, webauthn:virtualAuthenticators: true, webdriver.remote.sessionid: eb9833b6149b663aae6dedf235c...}
Session ID: eb9833b6149b663aae6dedf235c0f30e
*** Element info: {Using=id, value=google_image_div}]]>
            </message>
            <full-stacktrace>
              <![CDATA[org.openqa.selenium.NoSuchElementException: no such element: Unable to locate element: {"method":"css selector","selector":"#google_image_div"}
  (Session info: chrome=83.0.4103.61)
For documentation on this error, please visit: https://www.seleniumhq.org/exceptions/no_such_element.html
Build info: version: '3.141.59', revision: 'e82be7d358', time: '2018-11-14T08:17:03'
System info: host: 'MNCTVN05589', ip: '192.168.137.1', os.name: 'Windows 10', os.arch: 'amd64', os.version: '10.0', java.version: '1.8.0_221'
Driver info: org.openqa.selenium.remote.RemoteWebDriver
Capabilities {acceptInsecureCerts: false, browserName: chrome, browserVersion: 83.0.4103.61, chrome: {chromedriverVersion: 83.0.4103.39 (ccbf011cb2d2b..., userDataDir: /tmp/.com.google.Chrome.ch4zRb}, goog:chromeOptions: {debuggerAddress: localhost:40855}, javascriptEnabled: true, networkConnectionEnabled: false, pageLoadStrategy: normal, platform: LINUX, platformName: LINUX, proxy: Proxy(), setWindowRect: true, strictFileInteractability: false, timeouts: {implicit: 0, pageLoad: 300000, script: 30000}, unhandledPromptBehavior: dismiss and notify, webauthn:virtualAuthenticators: true, webdriver.remote.sessionid: eb9833b6149b663aae6dedf235c...}
Session ID: eb9833b6149b663aae6dedf235c0f30e
*** Element info: {Using=id, value=google_image_div}
	at sun.reflect.NativeConstructorAccessorImpl.newInstance0(Native Method)
	at sun.reflect.NativeConstructorAccessorImpl.newInstance(Unknown Source)
	at sun.reflect.DelegatingConstructorAccessorImpl.newInstance(Unknown Source)
	at java.lang.reflect.Constructor.newInstance(Unknown Source)
	at org.openqa.selenium.remote.http.W3CHttpResponseCodec.createException(W3CHttpResponseCodec.java:187)
	at org.openqa.selenium.remote.http.W3CHttpResponseCodec.decode(W3CHttpResponseCodec.java:122)
	at org.openqa.selenium.remote.http.W3CHttpResponseCodec.decode(W3CHttpResponseCodec.java:49)
	at org.openqa.selenium.remote.HttpCommandExecutor.execute(HttpCommandExecutor.java:158)
	at org.openqa.selenium.remote.RemoteWebDriver.execute(RemoteWebDriver.java:552)
	at org.openqa.selenium.remote.RemoteWebDriver.findElement(RemoteWebDriver.java:323)
	at org.openqa.selenium.remote.RemoteWebDriver.findElementById(RemoteWebDriver.java:372)
	at org.openqa.selenium.By$ById.findElement(By.java:188)
	at org.openqa.selenium.remote.RemoteWebDriver.findElement(RemoteWebDriver.java:315)
	at object.Button.byIdDisplay(Button.java:161)
	at testcases.Test_Sticky_Ads_Homepage.sticky_ads_Scroll_Buttom(Test_Sticky_Ads_Homepage.java:42)
	at sun.reflect.NativeMethodAccessorImpl.invoke0(Native Method)
	at sun.reflect.NativeMethodAccessorImpl.invoke(Unknown Source)
	at sun.reflect.DelegatingMethodAccessorImpl.invoke(Unknown Source)
	at java.lang.reflect.Method.invoke(Unknown Source)
	at org.testng.internal.MethodInvocationHelper.invokeMethod(MethodInvocationHelper.java:86)
	at org.testng.internal.Invoker.invokeMethod(Invoker.java:643)
	at org.testng.internal.Invoker.invokeTestMethod(Invoker.java:820)
	at org.testng.internal.Invoker.invokeTestMethods(Invoker.java:1128)
	at org.testng.internal.TestMethodWorker.invokeTestMethods(TestMethodWorker.java:129)
	at org.testng.internal.TestMethodWorker.run(TestMethodWorker.java:112)
	at org.testng.TestRunner.privateRun(TestRunner.java:782)
	at org.testng.TestRunner.run(TestRunner.java:632)
	at org.testng.SuiteRunner.runTest(SuiteRunner.java:366)
	at org.testng.SuiteRunner.runSequentially(SuiteRunner.java:361)
	at org.testng.SuiteRunner.privateRun(SuiteRunner.java:319)
	at org.testng.SuiteRunner.run(SuiteRunner.java:268)
	at org.testng.SuiteRunnerWorker.runSuite(SuiteRunnerWorker.java:52)
	at org.testng.SuiteRunnerWorker.run(SuiteRunnerWorker.java:86)
	at org.testng.TestNG.runSuitesSequentially(TestNG.java:1244)
	at org.testng.TestNG.runSuitesLocally(TestNG.java:1169)
	at org.testng.TestNG.run(TestNG.java:1064)
	at org.apache.maven.surefire.testng.TestNGExecutor.run(TestNGExecutor.java:283)
	at org.apache.maven.surefire.testng.TestNGXmlTestSuite.execute(TestNGXmlTestSuite.java:75)
	at org.apache.maven.surefire.testng.TestNGProvider.invoke(TestNGProvider.java:120)
	at org.apache.maven.surefire.booter.ForkedBooter.runSuitesInProcess(ForkedBooter.java:377)
	at org.apache.maven.surefire.booter.ForkedBooter.execute(ForkedBooter.java:138)
	at org.apache.maven.surefire.booter.ForkedBooter.run(ForkedBooter.java:465)
	at org.apache.maven.surefire.booter.ForkedBooter.main(ForkedBooter.java:451)
]]>
            </full-stacktrace>
          </exception> <!-- org.openqa.selenium.NoSuchElementException -->
          <reporter-output>
          </reporter-output>
        </test-method> <!-- sticky_ads_Scroll_Buttom -->
        <test-method status="PASS" signature="done(org.testng.ITestResult)[pri:0, instance:testcases.Test_Sticky_Ads_Homepage@b968a76]" name="done" is-config="true" duration-ms="6151" started-at="2020-07-08T14:43:08Z" finished-at="2020-07-08T14:43:14Z">
          <params>
            <param index="0">
              <value>
                <![CDATA[[TestResult name=sticky_ads_Scroll_Buttom status=FAILURE method=Test_Sticky_Ads_Homepage.sticky_ads_Scroll_Buttom()[pri:1, instance:testcases.Test_Sticky_Ads_Homepage@b968a76] output={null}]]]>
              </value>
            </param>
          </params>
          <reporter-output>
          </reporter-output>
        </test-method> <!-- done -->
      </class> <!-- testcases.Test_Sticky_Ads_Homepage -->
      <class name="testcases.Test_Live_Tv">
        <test-method status="PASS" signature="set()[pri:0, instance:testcases.Test_Live_Tv@a5b0b86]" name="set" is-config="true" duration-ms="1352" started-at="2020-07-08T14:02:54Z" finished-at="2020-07-08T14:02:56Z">
          <reporter-output>
          </reporter-output>
        </test-method> <!-- set -->
        <test-method status="PASS" signature="live_tv_list_tab_livetv(java.lang.String, java.lang.String)[pri:0, instance:testcases.Test_Live_Tv@a5b0b86]" name="live_tv_list_tab_livetv" duration-ms="20121" started-at="2020-07-08T14:02:56Z" data-provider="live_tv_active_tab" finished-at="2020-07-08T14:03:16Z">
          <params>
            <param index="0">
              <value>
                <![CDATA[0]]>
              </value>
            </param>
            <param index="1">
              <value>
                <![CDATA[RCTI]]>
              </value>
            </param>
          </params>
          <reporter-output>
          </reporter-output>
        </test-method> <!-- live_tv_list_tab_livetv -->
        <test-method status="PASS" signature="done(org.testng.ITestResult)[pri:0, instance:testcases.Test_Live_Tv@a5b0b86]" name="done" is-config="true" duration-ms="5844" started-at="2020-07-08T14:03:16Z" finished-at="2020-07-08T14:03:22Z">
          <params>
            <param index="0">
              <value>
                <![CDATA[[TestResult name=live_tv_list_tab_livetv status=SUCCESS method=Test_Live_Tv.live_tv_list_tab_livetv(java.lang.String, java.lang.String)[pri:0, instance:testcases.Test_Live_Tv@a5b0b86] output={null}]]]>
              </value>
            </param>
          </params>
          <reporter-output>
          </reporter-output>
        </test-method> <!-- done -->
        <test-method status="PASS" signature="set()[pri:0, instance:testcases.Test_Live_Tv@a5b0b86]" name="set" is-config="true" duration-ms="2388" started-at="2020-07-08T14:03:22Z" finished-at="2020-07-08T14:03:24Z">
          <reporter-output>
          </reporter-output>
        </test-method> <!-- set -->
        <test-method status="PASS" signature="live_tv_list_tab_livetv(java.lang.String, java.lang.String)[pri:0, instance:testcases.Test_Live_Tv@a5b0b86]" name="live_tv_list_tab_livetv" duration-ms="25428" started-at="2020-07-08T14:03:24Z" data-provider="live_tv_active_tab" finished-at="2020-07-08T14:03:50Z">
          <params>
            <param index="0">
              <value>
                <![CDATA[1]]>
              </value>
            </param>
            <param index="1">
              <value>
                <![CDATA[MNCTV]]>
              </value>
            </param>
          </params>
          <reporter-output>
          </reporter-output>
        </test-method> <!-- live_tv_list_tab_livetv -->
        <test-method status="PASS" signature="done(org.testng.ITestResult)[pri:0, instance:testcases.Test_Live_Tv@a5b0b86]" name="done" is-config="true" duration-ms="6082" started-at="2020-07-08T14:03:50Z" finished-at="2020-07-08T14:03:56Z">
          <params>
            <param index="0">
              <value>
                <![CDATA[[TestResult name=live_tv_list_tab_livetv status=SUCCESS method=Test_Live_Tv.live_tv_list_tab_livetv(java.lang.String, java.lang.String)[pri:0, instance:testcases.Test_Live_Tv@a5b0b86] output={null}]]]>
              </value>
            </param>
          </params>
          <reporter-output>
          </reporter-output>
        </test-method> <!-- done -->
        <test-method status="PASS" signature="set()[pri:0, instance:testcases.Test_Live_Tv@a5b0b86]" name="set" is-config="true" duration-ms="1631" started-at="2020-07-08T14:03:56Z" finished-at="2020-07-08T14:03:57Z">
          <reporter-output>
          </reporter-output>
        </test-method> <!-- set -->
        <test-method status="PASS" signature="live_tv_list_tab_livetv(java.lang.String, java.lang.String)[pri:0, instance:testcases.Test_Live_Tv@a5b0b86]" name="live_tv_list_tab_livetv" duration-ms="37775" started-at="2020-07-08T14:03:57Z" data-provider="live_tv_active_tab" finished-at="2020-07-08T14:04:35Z">
          <params>
            <param index="0">
              <value>
                <![CDATA[2]]>
              </value>
            </param>
            <param index="1">
              <value>
                <![CDATA[GTV]]>
              </value>
            </param>
          </params>
          <reporter-output>
          </reporter-output>
        </test-method> <!-- live_tv_list_tab_livetv -->
        <test-method status="PASS" signature="done(org.testng.ITestResult)[pri:0, instance:testcases.Test_Live_Tv@a5b0b86]" name="done" is-config="true" duration-ms="8200" started-at="2020-07-08T14:04:35Z" finished-at="2020-07-08T14:04:43Z">
          <params>
            <param index="0">
              <value>
                <![CDATA[[TestResult name=live_tv_list_tab_livetv status=SUCCESS method=Test_Live_Tv.live_tv_list_tab_livetv(java.lang.String, java.lang.String)[pri:0, instance:testcases.Test_Live_Tv@a5b0b86] output={null}]]]>
              </value>
            </param>
          </params>
          <reporter-output>
          </reporter-output>
        </test-method> <!-- done -->
        <test-method status="PASS" signature="set()[pri:0, instance:testcases.Test_Live_Tv@a5b0b86]" name="set" is-config="true" duration-ms="6695" started-at="2020-07-08T14:04:43Z" finished-at="2020-07-08T14:04:50Z">
          <reporter-output>
          </reporter-output>
        </test-method> <!-- set -->
        <test-method status="PASS" signature="live_tv_list_tab_livetv(java.lang.String, java.lang.String)[pri:0, instance:testcases.Test_Live_Tv@a5b0b86]" name="live_tv_list_tab_livetv" duration-ms="28584" started-at="2020-07-08T14:04:50Z" data-provider="live_tv_active_tab" finished-at="2020-07-08T14:05:18Z">
          <params>
            <param index="0">
              <value>
                <![CDATA[3]]>
              </value>
            </param>
            <param index="1">
              <value>
                <![CDATA[INEWS]]>
              </value>
            </param>
          </params>
          <reporter-output>
          </reporter-output>
        </test-method> <!-- live_tv_list_tab_livetv -->
        <test-method status="PASS" signature="done(org.testng.ITestResult)[pri:0, instance:testcases.Test_Live_Tv@a5b0b86]" name="done" is-config="true" duration-ms="6396" started-at="2020-07-08T14:05:18Z" finished-at="2020-07-08T14:05:25Z">
          <params>
            <param index="0">
              <value>
                <![CDATA[[TestResult name=live_tv_list_tab_livetv status=SUCCESS method=Test_Live_Tv.live_tv_list_tab_livetv(java.lang.String, java.lang.String)[pri:0, instance:testcases.Test_Live_Tv@a5b0b86] output={null}]]]>
              </value>
            </param>
          </params>
          <reporter-output>
          </reporter-output>
        </test-method> <!-- done -->
        <test-method status="PASS" signature="set()[pri:0, instance:testcases.Test_Live_Tv@a5b0b86]" name="set" is-config="true" duration-ms="1732" started-at="2020-07-08T14:05:25Z" finished-at="2020-07-08T14:05:27Z">
          <reporter-output>
          </reporter-output>
        </test-method> <!-- set -->
        <test-method status="PASS" signature="live_tv_live_and_cathup(java.lang.String, java.lang.String)[pri:1, instance:testcases.Test_Live_Tv@a5b0b86]" name="live_tv_live_and_cathup" duration-ms="32763" started-at="2020-07-08T14:05:27Z" data-provider="tab_livetv_catchup" finished-at="2020-07-08T14:05:59Z">
          <params>
            <param index="0">
              <value>
                <![CDATA[0]]>
              </value>
            </param>
            <param index="1">
              <value>
                <![CDATA[Live]]>
              </value>
            </param>
          </params>
          <reporter-output>
          </reporter-output>
        </test-method> <!-- live_tv_live_and_cathup -->
        <test-method status="PASS" signature="done(org.testng.ITestResult)[pri:0, instance:testcases.Test_Live_Tv@a5b0b86]" name="done" is-config="true" duration-ms="6182" started-at="2020-07-08T14:05:59Z" finished-at="2020-07-08T14:06:06Z">
          <params>
            <param index="0">
              <value>
                <![CDATA[[TestResult name=live_tv_live_and_cathup status=SUCCESS method=Test_Live_Tv.live_tv_live_and_cathup(java.lang.String, java.lang.String)[pri:1, instance:testcases.Test_Live_Tv@a5b0b86] output={null}]]]>
              </value>
            </param>
          </params>
          <reporter-output>
          </reporter-output>
        </test-method> <!-- done -->
        <test-method status="PASS" signature="set()[pri:0, instance:testcases.Test_Live_Tv@a5b0b86]" name="set" is-config="true" duration-ms="1566" started-at="2020-07-08T14:06:06Z" finished-at="2020-07-08T14:06:07Z">
          <reporter-output>
          </reporter-output>
        </test-method> <!-- set -->
        <test-method status="PASS" signature="live_tv_live_and_cathup(java.lang.String, java.lang.String)[pri:1, instance:testcases.Test_Live_Tv@a5b0b86]" name="live_tv_live_and_cathup" duration-ms="41625" started-at="2020-07-08T14:06:07Z" data-provider="tab_livetv_catchup" finished-at="2020-07-08T14:06:49Z">
          <params>
            <param index="0">
              <value>
                <![CDATA[1]]>
              </value>
            </param>
            <param index="1">
              <value>
                <![CDATA[Catch Up TV]]>
              </value>
            </param>
          </params>
          <reporter-output>
          </reporter-output>
[...]
          <reporter-output>
          </reporter-output>
        </test-method> <!-- set -->
        <test-method status="PASS" signature="homepage_center_menu_direct(java.lang.String, java.lang.String, java.lang.String)[pri:6, instance:testcases.Test_Homepage@6b5894c8]" name="homepage_center_menu_direct" duration-ms="12066" started-at="2020-07-08T15:13:43Z" data-provider="homepage_menu_tengah_direct" finished-at="2020-07-08T15:13:55Z">
          <params>
            <param index="0">
              <value>
                <![CDATA[2]]>
              </value>
            </param>
            <param index="1">
              <value>
                <![CDATA[Radio+]]>
              </value>
            </param>
            <param index="2">
              <value>
                <![CDATA[radio]]>
              </value>
            </param>
          </params>
          <reporter-output>
          </reporter-output>
        </test-method> <!-- homepage_center_menu_direct -->
        <test-method status="PASS" signature="done(org.testng.ITestResult)[pri:0, instance:testcases.Test_Homepage@6b5894c8]" name="done" is-config="true" duration-ms="5823" started-at="2020-07-08T15:13:55Z" finished-at="2020-07-08T15:14:01Z">
          <params>
            <param index="0">
              <value>
                <![CDATA[[TestResult name=homepage_center_menu_direct status=SUCCESS method=Test_Homepage.homepage_center_menu_direct(java.lang.String, java.lang.String, java.lang.String)[pri:6, instance:testcases.Test_Homepage@6b5894c8] output={null}]]]>
              </value>
            </param>
          </params>
          <reporter-output>
          </reporter-output>
        </test-method> <!-- done -->
      </class> <!-- testcases.Test_Homepage -->
      <class name="testcases.Test_List_Menu_Account">
        <test-method status="PASS" signature="set()[pri:0, instance:testcases.Test_List_Menu_Account@1433046b]" name="set" is-config="true" duration-ms="1294" started-at="2020-07-08T15:14:01Z" finished-at="2020-07-08T15:14:02Z">
          <reporter-output>
          </reporter-output>
        </test-method> <!-- set -->
        <test-method status="PASS" signature="menu_account_not_login_button_login()[pri:0, instance:testcases.Test_List_Menu_Account@1433046b]" name="menu_account_not_login_button_login" duration-ms="28064" started-at="2020-07-08T15:14:02Z" finished-at="2020-07-08T15:14:30Z">
          <reporter-output>
          </reporter-output>
        </test-method> <!-- menu_account_not_login_button_login -->
        <test-method status="PASS" signature="done(org.testng.ITestResult)[pri:0, instance:testcases.Test_List_Menu_Account@1433046b]" name="done" is-config="true" duration-ms="5383" started-at="2020-07-08T15:14:30Z" finished-at="2020-07-08T15:14:36Z">
          <params>
            <param index="0">
              <value>
                <![CDATA[[TestResult name=menu_account_not_login_button_login status=SUCCESS method=Test_List_Menu_Account.menu_account_not_login_button_login()[pri:0, instance:testcases.Test_List_Menu_Account@1433046b] output={null}]]]>
              </value>
            </param>
          </params>
          <reporter-output>
          </reporter-output>
        </test-method> <!-- done -->
        <test-method status="PASS" signature="set()[pri:0, instance:testcases.Test_List_Menu_Account@1433046b]" name="set" is-config="true" duration-ms="1217" started-at="2020-07-08T15:14:36Z" finished-at="2020-07-08T15:14:37Z">
          <reporter-output>
          </reporter-output>
        </test-method> <!-- set -->
        <test-method status="PASS" signature="menu_account_not_login_button_scan_qrcode()[pri:1, instance:testcases.Test_List_Menu_Account@1433046b]" name="menu_account_not_login_button_scan_qrcode" duration-ms="6796" started-at="2020-07-08T15:14:37Z" finished-at="2020-07-08T15:14:44Z">
          <reporter-output>
          </reporter-output>
        </test-method> <!-- menu_account_not_login_button_scan_qrcode -->
        <test-method status="PASS" signature="done(org.testng.ITestResult)[pri:0, instance:testcases.Test_List_Menu_Account@1433046b]" name="done" is-config="true" duration-ms="5690" started-at="2020-07-08T15:14:44Z" finished-at="2020-07-08T15:14:49Z">
          <params>
            <param index="0">
              <value>
                <![CDATA[[TestResult name=menu_account_not_login_button_scan_qrcode status=SUCCESS method=Test_List_Menu_Account.menu_account_not_login_button_scan_qrcode()[pri:1, instance:testcases.Test_List_Menu_Account@1433046b] output={null}]]]>
              </value>
            </param>
          </params>
          <reporter-output>
          </reporter-output>
        </test-method> <!-- done -->
        <test-method status="PASS" signature="set()[pri:0, instance:testcases.Test_List_Menu_Account@1433046b]" name="set" is-config="true" duration-ms="7607" started-at="2020-07-08T15:14:49Z" finished-at="2020-07-08T15:14:57Z">
          <reporter-output>
          </reporter-output>
        </test-method> <!-- set -->
        <test-method status="PASS" signature="menu_account_not_login_popup_login(java.lang.String, java.lang.String, java.lang.String)[pri:2, instance:testcases.Test_List_Menu_Account@1433046b]" name="menu_account_not_login_popup_login" duration-ms="26606" started-at="2020-07-08T15:14:57Z" data-provider="list_menu_account_popup_login" finished-at="2020-07-08T15:15:24Z">
          <params>
            <param index="0">
              <value>
                <![CDATA[history]]>
              </value>
            </param>
            <param index="1">
              <value>
                <![CDATA[Sign Up]]>
              </value>
            </param>
            <param index="2">
              <value>
                <![CDATA[Sign In]]>
              </value>
            </param>
          </params>
          <reporter-output>
          </reporter-output>
        </test-method> <!-- menu_account_not_login_popup_login -->
        <test-method status="PASS" signature="done(org.testng.ITestResult)[pri:0, instance:testcases.Test_List_Menu_Account@1433046b]" name="done" is-config="true" duration-ms="5433" started-at="2020-07-08T15:15:24Z" finished-at="2020-07-08T15:15:29Z">
          <params>
            <param index="0">
              <value>
                <![CDATA[[TestResult name=menu_account_not_login_popup_login status=SUCCESS method=Test_List_Menu_Account.menu_account_not_login_popup_login(java.lang.String, java.lang.String, java.lang.String)[pri:2, instance:testcases.Test_List_Menu_Account@1433046b] output={null}]]]>
              </value>
            </param>
          </params>
          <reporter-output>
          </reporter-output>
        </test-method> <!-- done -->
        <test-method status="PASS" signature="set()[pri:0, instance:testcases.Test_List_Menu_Account@1433046b]" name="set" is-config="true" duration-ms="1106" started-at="2020-07-08T15:15:29Z" finished-at="2020-07-08T15:15:30Z">
          <reporter-output>
          </reporter-output>
        </test-method> <!-- set -->
        <test-method status="PASS" signature="menu_account_not_login_popup_login(java.lang.String, java.lang.String, java.lang.String)[pri:2, instance:testcases.Test_List_Menu_Account@1433046b]" name="menu_account_not_login_popup_login" duration-ms="23189" started-at="2020-07-08T15:15:30Z" data-provider="list_menu_account_popup_login" finished-at="2020-07-08T15:15:53Z">
          <params>
            <param index="0">
              <value>
                <![CDATA[mylist]]>
              </value>
            </param>
            <param index="1">
              <value>
                <![CDATA[Sign Up]]>
              </value>
            </param>
            <param index="2">
              <value>
                <![CDATA[Sign In]]>
              </value>
            </param>
          </params>
          <reporter-output>
          </reporter-output>
        </test-method> <!-- menu_account_not_login_popup_login -->
        <test-method status="PASS" signature="done(org.testng.ITestResult)[pri:0, instance:testcases.Test_List_Menu_Account@1433046b]" name="done" is-config="true" duration-ms="5461" started-at="2020-07-08T15:15:53Z" finished-at="2020-07-08T15:15:59Z">
          <params>
            <param index="0">
              <value>
                <![CDATA[[TestResult name=menu_account_not_login_popup_login status=SUCCESS method=Test_List_Menu_Account.menu_account_not_login_popup_login(java.lang.String, java.lang.String, java.lang.String)[pri:2, instance:testcases.Test_List_Menu_Account@1433046b] output={null}]]]>
              </value>
            </param>
          </params>
          <reporter-output>
          </reporter-output>
        </test-method> <!-- done -->
        <test-method status="PASS" signature="set()[pri:0, instance:testcases.Test_List_Menu_Account@1433046b]" name="set" is-config="true" duration-ms="1238" started-at="2020-07-08T15:15:59Z" finished-at="2020-07-08T15:16:00Z">
          <reporter-output>
          </reporter-output>
        </test-method> <!-- set -->
        <test-method status="PASS" signature="menu_account_not_login_popup_login(java.lang.String, java.lang.String, java.lang.String)[pri:2, instance:testcases.Test_List_Menu_Account@1433046b]" name="menu_account_not_login_popup_login" duration-ms="22491" started-at="2020-07-08T15:16:00Z" data-provider="list_menu_account_popup_login" finished-at="2020-07-08T15:16:23Z">
          <params>
            <param index="0">
              <value>
                <![CDATA[continue-watching]]>
              </value>
            </param>
            <param index="1">
              <value>
                <![CDATA[Sign Up]]>
              </value>
            </param>
            <param index="2">
              <value>
                <![CDATA[Sign In]]>
              </value>
            </param>
          </params>
          <reporter-output>
          </reporter-output>
        </test-method> <!-- menu_account_not_login_popup_login -->
        <test-method status="PASS" signature="done(org.testng.ITestResult)[pri:0, instance:testcases.Test_List_Menu_Account@1433046b]" name="done" is-config="true" duration-ms="5461" started-at="2020-07-08T15:16:23Z" finished-at="2020-07-08T15:16:28Z">
          <params>
            <param index="0">
              <value>
                <![CDATA[[TestResult name=menu_account_not_login_popup_login status=SUCCESS method=Test_List_Menu_Account.menu_account_not_login_popup_login(java.lang.String, java.lang.String, java.lang.String)[pri:2, instance:testcases.Test_List_Menu_Account@1433046b] output={null}]]]>
              </value>
            </param>
          </params>
          <reporter-output>
          </reporter-output>
        </test-method> <!-- done -->
        <test-method status="PASS" signature="set()[pri:0, instance:testcases.Test_List_Menu_Account@1433046b]" name="set" is-config="true" duration-ms="1192" started-at="2020-07-08T15:16:28Z" finished-at="2020-07-08T15:16:29Z">
          <reporter-output>
          </reporter-output>
        </test-method> <!-- set -->
        <test-method status="PASS" signature="menu_account_not_login_button_menu_direct(java.lang.String, java.lang.String)[pri:3, instance:testcases.Test_List_Menu_Account@1433046b]" name="menu_account_not_login_button_menu_direct" duration-ms="18967" started-at="2020-07-08T15:16:29Z" data-provider="list_menu_account_direct" finished-at="2020-07-08T15:16:48Z">
          <params>
            <param index="0">
              <value>
                <![CDATA[tnc]]>
              </value>
            </param>
            <param index="1">
              <value>
                <![CDATA[Terms and Conditions]]>
              </value>
            </param>
          </params>
          <reporter-output>
          </reporter-output>
        </test-method> <!-- menu_account_not_login_button_menu_direct -->
        <test-method status="PASS" signature="done(org.testng.ITestResult)[pri:0, instance:testcases.Test_List_Menu_Account@1433046b]" name="done" is-config="true" duration-ms="5513" started-at="2020-07-08T15:16:48Z" finished-at="2020-07-08T15:16:54Z">
          <params>
            <param index="0">
              <value>
                <![CDATA[[TestResult name=menu_account_not_login_button_menu_direct status=SUCCESS method=Test_List_Menu_Account.menu_account_not_login_button_menu_direct(java.lang.String, java.lang.String)[pri:3, instance:testcases.Test_List_Menu_Account@1433046b] output={null}]]]>
              </value>
            </param>
          </params>
          <reporter-output>
          </reporter-output>
        </test-method> <!-- done -->
        <test-method status="PASS" signature="set()[pri:0, instance:testcases.Test_List_Menu_Account@1433046b]" name="set" is-config="true" duration-ms="1205" started-at="2020-07-08T15:16:54Z" finished-at="2020-07-08T15:16:55Z">
          <reporter-output>
          </reporter-output>
        </test-method> <!-- set -->
        <test-method status="PASS" signature="menu_account_not_login_button_menu_direct(java.lang.String, java.lang.String)[pri:3, instance:testcases.Test_List_Menu_Account@1433046b]" name="menu_account_not_login_button_menu_direct" duration-ms="18564" started-at="2020-07-08T15:16:55Z" data-provider="list_menu_account_direct" finished-at="2020-07-08T15:17:13Z">
          <params>
            <param index="0">
              <value>
                <![CDATA[privacy-policy]]>
              </value>
            </param>
            <param index="1">
              <value>
                <![CDATA[Privacy Policy]]>
              </value>
            </param>
          </params>
          <reporter-output>
          </reporter-output>
        </test-method> <!-- menu_account_not_login_button_menu_direct -->
        <test-method status="PASS" signature="done(org.testng.ITestResult)[pri:0, instance:testcases.Test_List_Menu_Account@1433046b]" name="done" is-config="true" duration-ms="5543" started-at="2020-07-08T15:17:13Z" finished-at="2020-07-08T15:17:19Z">
          <params>
            <param index="0">
              <value>
                <![CDATA[[TestResult name=menu_account_not_login_button_menu_direct status=SUCCESS method=Test_List_Menu_Account.menu_account_not_login_button_menu_direct(java.lang.String, java.lang.String)[pri:3, instance:testcases.Test_List_Menu_Account@1433046b] output={null}]]]>
              </value>
            </param>
          </params>
          <reporter-output>
          </reporter-output>
        </test-method> <!-- done -->
        <test-method status="PASS" signature="set()[pri:0, instance:testcases.Test_List_Menu_Account@1433046b]" name="set" is-config="true" duration-ms="1033" started-at="2020-07-08T15:17:19Z" finished-at="2020-07-08T15:17:20Z">
          <reporter-output>
          </reporter-output>
        </test-method> <!-- set -->
        <test-method status="PASS" signature="menu_account_not_login_button_menu_direct(java.lang.String, java.lang.String)[pri:3, instance:testcases.Test_List_Menu_Account@1433046b]" name="menu_account_not_login_button_menu_direct" duration-ms="18367" started-at="2020-07-08T15:17:20Z" data-provider="list_menu_account_direct" finished-at="2020-07-08T15:17:38Z">
          <params>
            <param index="0">
              <value>
                <![CDATA[contact-us]]>
              </value>
            </param>
            <param index="1">
              <value>
                <![CDATA[Contact Us]]>
              </value>
            </param>
          </params>
          <reporter-output>
          </reporter-output>
        </test-method> <!-- menu_account_not_login_button_menu_direct -->
        <test-method status="PASS" signature="done(org.testng.ITestResult)[pri:0, instance:testcases.Test_List_Menu_Account@1433046b]" name="done" is-config="true" duration-ms="5394" started-at="2020-07-08T15:17:38Z" finished-at="2020-07-08T15:17:44Z">
          <params>
            <param index="0">
              <value>
                <![CDATA[[TestResult name=menu_account_not_login_button_menu_direct status=SUCCESS method=Test_List_Menu_Account.menu_account_not_login_button_menu_direct(java.lang.String, java.lang.String)[pri:3, instance:testcases.Test_List_Menu_Account@1433046b] output={null}]]]>
              </value>
            </param>
          </params>
          <reporter-output>
          </reporter-output>
        </test-method> <!-- done -->
        <test-method status="PASS" signature="set()[pri:0, instance:testcases.Test_List_Menu_Account@1433046b]" name="set" is-config="true" duration-ms="1148" started-at="2020-07-08T15:17:44Z" finished-at="2020-07-08T15:17:45Z">
          <reporter-output>
          </reporter-output>
        </test-method> <!-- set -->
        <test-method status="PASS" signature="menu_account_not_login_button_menu_direct(java.lang.String, java.lang.String)[pri:3, instance:testcases.Test_List_Menu_Account@1433046b]" name="menu_account_not_login_button_menu_direct" duration-ms="18327" started-at="2020-07-08T15:17:45Z" data-provider="list_menu_account_direct" finished-at="2020-07-08T15:18:03Z">
          <params>
            <param index="0">
              <value>
                <![CDATA[faq]]>
              </value>
            </param>
            <param index="1">
              <value>
                <![CDATA[Faq]]>
              </value>
            </param>
          </params>
          <reporter-output>
          </reporter-output>
        </test-method> <!-- menu_account_not_login_button_menu_direct -->
        <test-method status="PASS" signature="done(org.testng.ITestResult)[pri:0, instance:testcases.Test_List_Menu_Account@1433046b]" name="done" is-config="true" duration-ms="5442" started-at="2020-07-08T15:18:03Z" finished-at="2020-07-08T15:18:09Z">
          <params>
            <param index="0">
              <value>
                <![CDATA[[TestResult name=menu_account_not_login_button_menu_direct status=SUCCESS method=Test_List_Menu_Account.menu_account_not_login_button_menu_direct(java.lang.String, java.lang.String)[pri:3, instance:testcases.Test_List_Menu_Account@1433046b] output={null}]]]>
              </value>
            </param>
          </params>
          <reporter-output>
          </reporter-output>
        </test-method> <!-- done -->
        <test-method status="PASS" signature="set()[pri:0, instance:testcases.Test_List_Menu_Account@1433046b]" name="set" is-config="true" duration-ms="1220" started-at="2020-07-08T15:18:09Z" finished-at="2020-07-08T15:18:10Z">
          <reporter-output>
          </reporter-output>
        </test-method> <!-- set -->
        <test-method status="PASS" signature="menu_account_not_login_button_download()[pri:4, instance:testcases.Test_List_Menu_Account@1433046b]" name="menu_account_not_login_button_download" duration-ms="22811" started-at="2020-07-08T15:18:10Z" finished-at="2020-07-08T15:18:33Z">
          <reporter-output>
          </reporter-output>
        </test-method> <!-- menu_account_not_login_button_download -->
        <test-method status="PASS" signature="done(org.testng.ITestResult)[pri:0, instance:testcases.Test_List_Menu_Account@1433046b]" name="done" is-config="true" duration-ms="5496" started-at="2020-07-08T15:18:33Z" finished-at="2020-07-08T15:18:38Z">
          <params>
            <param index="0">
              <value>
                <![CDATA[[TestResult name=menu_account_not_login_button_download status=SUCCESS method=Test_List_Menu_Account.menu_account_not_login_button_download()[pri:4, instance:testcases.Test_List_Menu_Account@1433046b] output={null}]]]>
              </value>
            </param>
          </params>
          <reporter-output>
          </reporter-output>
        </test-method> <!-- done -->
      </class> <!-- testcases.Test_List_Menu_Account -->
    </test> <!-- Test -->
  </suite> <!-- Suite -->
</testng-results>
